{"level":"debug","message":"Will not be logged in either transport!","timestamp":"2014-10-21T17:53:21.598Z"}
{"level":"info","message":"tralalala","timestamp":"2014-10-21T17:53:21.599Z"}
{"level":"debug","message":"Will not be logged in either transport!","timestamp":"2014-10-21T17:55:26.182Z"}
{"level":"info","message":"tralalala","timestamp":"2014-10-21T17:55:26.182Z"}
{"level":"debug","message":"Will not be logged in either transport!","timestamp":"2014-10-21T18:24:22.741Z"}
{"level":"info","message":"tralalala","timestamp":"2014-10-21T18:24:22.742Z"}
{"level":"debug","message":"Will not be logged in either transport!","timestamp":"2014-10-21T18:24:30.721Z"}
{"level":"info","message":"tralalala","timestamp":"2014-10-21T18:24:30.722Z"}
{"level":"debug","message":"Will not be logged in either transport!","timestamp":"2014-10-21T18:25:05.916Z"}
{"level":"info","message":"tralalala","timestamp":"2014-10-21T18:25:05.916Z"}
{"level":"debug","message":"Will not be logged in either transport!","timestamp":"2014-10-21T18:25:17.406Z"}
{"level":"info","message":"tralalala","timestamp":"2014-10-21T18:25:17.407Z"}
{"level":"debug","message":"Will not be logged in either transport!","timestamp":"2014-10-21T18:25:20.637Z"}
{"level":"info","message":"tralalala","timestamp":"2014-10-21T18:25:20.638Z"}
{"level":"debug","message":"Will not be logged in either transport!","timestamp":"2014-10-21T18:25:23.962Z"}
{"level":"info","message":"tralalala","timestamp":"2014-10-21T18:25:23.963Z"}
{"level":"debug","message":"Will not be logged in either transport!","timestamp":"2014-10-21T18:25:26.656Z"}
{"level":"info","message":"tralalala","timestamp":"2014-10-21T18:25:26.657Z"}
{"level":"debug","message":"Will not be logged in either transport!","timestamp":"2014-10-21T18:26:17.096Z"}
{"level":"info","message":"tralalala","timestamp":"2014-10-21T18:26:17.096Z"}
{"level":"debug","message":"Will not be logged in either transport!","timestamp":"2014-10-21T18:30:06.442Z"}
{"level":"info","message":"tralalala","timestamp":"2014-10-21T18:30:06.443Z"}
{"level":"debug","message":"Will not be logged in either transport!","timestamp":"2014-10-21T18:30:55.917Z"}
{"level":"info","message":"tralalala","timestamp":"2014-10-21T18:30:55.917Z"}
{"level":"ok","message":"tralalala","timestamp":"2014-10-21T18:30:55.917Z"}
{"level":"warn","message":"tralalala","timestamp":"2014-10-21T18:30:55.918Z"}
{"level":"error","message":"tralalala","timestamp":"2014-10-21T18:30:55.918Z"}
{"level":"fatal","message":"tralalala","timestamp":"2014-10-21T18:30:55.918Z"}
{"level":"debug","message":"Will not be logged in either transport!","timestamp":"2014-10-21T18:31:11.205Z"}
{"level":"info","message":"tralalala","timestamp":"2014-10-21T18:31:11.205Z"}
{"level":"ok","message":"tralalala","timestamp":"2014-10-21T18:31:11.206Z"}
{"level":"warn","message":"tralalala","timestamp":"2014-10-21T18:31:11.206Z"}
{"level":"error","message":"tralalala","timestamp":"2014-10-21T18:31:11.206Z"}
{"level":"fatal","message":"tralalala","timestamp":"2014-10-21T18:31:11.206Z"}
{"level":"debug","message":"Will not be logged in either transport!","timestamp":"2014-10-21T18:39:28.466Z"}
{"level":"info","message":"tralalala","timestamp":"2014-10-21T18:39:28.467Z"}
{"level":"ok","message":"tralalala","timestamp":"2014-10-21T18:39:28.467Z"}
{"level":"warn","message":"tralalala","timestamp":"2014-10-21T18:39:28.467Z"}
{"level":"error","message":"tralalala","timestamp":"2014-10-21T18:39:28.467Z"}
{"level":"fatal","message":"tralalala","timestamp":"2014-10-21T18:39:28.467Z"}
{"level":"debug","message":"Will not be logged in either transport!","timestamp":"2014-10-21T18:40:24.262Z"}
{"level":"info","message":"tralalala","timestamp":"2014-10-21T18:40:24.263Z"}
{"level":"ok","message":"tralalala","timestamp":"2014-10-21T18:40:24.263Z"}
{"level":"warn","message":"tralalala","timestamp":"2014-10-21T18:40:24.263Z"}
{"level":"error","message":"tralalala","timestamp":"2014-10-21T18:40:24.263Z"}
{"level":"fatal","message":"tralalala","timestamp":"2014-10-21T18:40:24.263Z"}
